  ZipFile.cpp
c:\users\vasi peycheva\downloads\fn_45139\datastructuresproject\zipfile.cpp(41): warning C4267: 'initializing': conversion from 'size_t' to 'int', possible loss of data
c:\users\vasi peycheva\downloads\fn_45139\datastructuresproject\zipfile.cpp(62): warning C4267: 'initializing': conversion from 'size_t' to 'unsigned int', possible loss of data
c:\users\vasi peycheva\downloads\fn_45139\datastructuresproject\zipfile.cpp(72): warning C4244: 'initializing': conversion from 'std::streamoff' to 'int', possible loss of data
c:\users\vasi peycheva\downloads\fn_45139\datastructuresproject\zipfile.cpp(104): warning C4267: 'initializing': conversion from 'size_t' to 'unsigned int', possible loss of data
c:\users\vasi peycheva\downloads\fn_45139\datastructuresproject\zipfile.cpp(113): warning C4805: '|=': unsafe mix of type 'char' and type 'bool' in operation
  UnzipFile.cpp
c:\users\vasi peycheva\downloads\fn_45139\datastructuresproject\unzipfile.cpp(53): warning C4267: 'initializing': conversion from 'size_t' to 'int', possible loss of data
c:\users\vasi peycheva\downloads\fn_45139\datastructuresproject\unzipfile.cpp(55): warning C4996: 'strcpy': This function or variable may be unsafe. Consider using strcpy_s instead. To disable deprecation, use _CRT_SECURE_NO_WARNINGS. See online help for details.
  c:\program files (x86)\windows kits\10\include\10.0.10240.0\ucrt\string.h(119): note: see declaration of 'strcpy'
c:\users\vasi peycheva\downloads\fn_45139\datastructuresproject\unzipfile.cpp(56): warning C4996: 'strcat': This function or variable may be unsafe. Consider using strcat_s instead. To disable deprecation, use _CRT_SECURE_NO_WARNINGS. See online help for details.
  c:\program files (x86)\windows kits\10\include\10.0.10240.0\ucrt\string.h(90): note: see declaration of 'strcat'
c:\users\vasi peycheva\downloads\fn_45139\datastructuresproject\unzipfile.cpp(57): warning C4996: 'strcat': This function or variable may be unsafe. Consider using strcat_s instead. To disable deprecation, use _CRT_SECURE_NO_WARNINGS. See online help for details.
  c:\program files (x86)\windows kits\10\include\10.0.10240.0\ucrt\string.h(90): note: see declaration of 'strcat'
c:\users\vasi peycheva\downloads\fn_45139\datastructuresproject\unzipfile.cpp(120): warning C4309: 'initializing': truncation of constant value
c:\users\vasi peycheva\downloads\fn_45139\datastructuresproject\unzipfile.cpp(126): warning C4800: 'char': forcing value to bool 'true' or 'false' (performance warning)
  StatisticTable.cpp
  Nodes.cpp
  main.cpp
c:\users\vasi peycheva\downloads\fn_45139\datastructuresproject\main.cpp(21): warning C4996: 'stricmp': The POSIX name for this item is deprecated. Instead, use the ISO C and C++ conformant name: _stricmp. See online help for details.
  c:\program files (x86)\windows kits\10\include\10.0.10240.0\ucrt\string.h(568): note: see declaration of 'stricmp'
c:\users\vasi peycheva\downloads\fn_45139\datastructuresproject\main.cpp(26): warning C4996: 'stricmp': The POSIX name for this item is deprecated. Instead, use the ISO C and C++ conformant name: _stricmp. See online help for details.
  c:\program files (x86)\windows kits\10\include\10.0.10240.0\ucrt\string.h(568): note: see declaration of 'stricmp'
  HuffmanTreeIO.cpp
c:\users\vasi peycheva\downloads\fn_45139\datastructuresproject\huffmantreeio.cpp(46): warning C4805: '|=': unsafe mix of type 'char' and type 'bool' in operation
c:\users\vasi peycheva\downloads\fn_45139\datastructuresproject\huffmantreeio.cpp(61): warning C4309: '=': truncation of constant value
c:\users\vasi peycheva\downloads\fn_45139\datastructuresproject\huffmantreeio.cpp(108): warning C4267: 'initializing': conversion from 'size_t' to 'unsigned int', possible loss of data
c:\users\vasi peycheva\downloads\fn_45139\datastructuresproject\huffmantreeio.cpp(152): warning C4309: '=': truncation of constant value
c:\users\vasi peycheva\downloads\fn_45139\datastructuresproject\huffmantreeio.cpp(157): warning C4800: 'char': forcing value to bool 'true' or 'false' (performance warning)
  HuffmanTree.cpp
c:\users\vasi peycheva\downloads\fn_45139\datastructuresproject\huffmantree.cpp(57): warning C4267: 'argument': conversion from 'size_t' to 'unsigned short', possible loss of data
c:\users\vasi peycheva\downloads\fn_45139\datastructuresproject\huffmantree.cpp(60): warning C4267: 'argument': conversion from 'size_t' to 'unsigned short', possible loss of data
c:\users\vasi peycheva\downloads\fn_45139\datastructuresproject\minheapfunctions.h(32): warning C4267: 'return': conversion from 'size_t' to 'int', possible loss of data
  c:\users\vasi peycheva\downloads\fn_45139\datastructuresproject\minheapfunctions.h(31): note: while compiling class template member function 'int MinHeap<weightedNode>::getSize(void) const'
  c:\users\vasi peycheva\downloads\fn_45139\datastructuresproject\huffmantree.cpp(71): note: see reference to function template instantiation 'int MinHeap<weightedNode>::getSize(void) const' being compiled
  c:\users\vasi peycheva\downloads\fn_45139\datastructuresproject\huffmantree.h(29): note: see reference to class template instantiation 'MinHeap<weightedNode>' being compiled
c:\users\vasi peycheva\downloads\fn_45139\datastructuresproject\minheapfunctions.h(46): warning C4267: 'initializing': conversion from 'size_t' to 'int', possible loss of data
  c:\users\vasi peycheva\downloads\fn_45139\datastructuresproject\minheapfunctions.h(45): note: while compiling class template member function 'void MinHeap<weightedNode>::siftUp(void)'
  c:\users\vasi peycheva\downloads\fn_45139\datastructuresproject\minheapfunctions.h(10): note: see reference to function template instantiation 'void MinHeap<weightedNode>::siftUp(void)' being compiled
  c:\users\vasi peycheva\downloads\fn_45139\datastructuresproject\minheapfunctions.h(8): note: while compiling class template member function 'void MinHeap<weightedNode>::push(const TYPE &)'
          with
          [
              TYPE=weightedNode
          ]
  c:\users\vasi peycheva\downloads\fn_45139\datastructuresproject\huffmantree.cpp(41): note: see reference to function template instantiation 'void MinHeap<weightedNode>::push(const TYPE &)' being compiled
          with
          [
              TYPE=weightedNode
          ]
c:\users\vasi peycheva\downloads\fn_45139\datastructuresproject\minheapfunctions.h(66): warning C4267: 'initializing': conversion from 'size_t' to 'int', possible loss of data
  c:\users\vasi peycheva\downloads\fn_45139\datastructuresproject\minheapfunctions.h(64): note: while compiling class template member function 'void MinHeap<weightedNode>::siftDown(void)'
  c:\users\vasi peycheva\downloads\fn_45139\datastructuresproject\minheapfunctions.h(19): note: see reference to function template instantiation 'void MinHeap<weightedNode>::siftDown(void)' being compiled
  FolderIO.cpp
c:\users\vasi peycheva\downloads\fn_45139\datastructuresproject\folderio.cpp(24): warning C4996: 'strcpy': This function or variable may be unsafe. Consider using strcpy_s instead. To disable deprecation, use _CRT_SECURE_NO_WARNINGS. See online help for details.
  c:\program files (x86)\windows kits\10\include\10.0.10240.0\ucrt\string.h(119): note: see declaration of 'strcpy'
c:\users\vasi peycheva\downloads\fn_45139\datastructuresproject\folderio.cpp(25): warning C4996: 'strcat': This function or variable may be unsafe. Consider using strcat_s instead. To disable deprecation, use _CRT_SECURE_NO_WARNINGS. See online help for details.
  c:\program files (x86)\windows kits\10\include\10.0.10240.0\ucrt\string.h(90): note: see declaration of 'strcat'
c:\users\vasi peycheva\downloads\fn_45139\datastructuresproject\folderio.cpp(26): warning C4996: 'strcat': This function or variable may be unsafe. Consider using strcat_s instead. To disable deprecation, use _CRT_SECURE_NO_WARNINGS. See online help for details.
  c:\program files (x86)\windows kits\10\include\10.0.10240.0\ucrt\string.h(90): note: see declaration of 'strcat'
c:\users\vasi peycheva\downloads\fn_45139\datastructuresproject\folderio.cpp(43): warning C4390: ';': empty controlled statement found; is this the intent?
c:\users\vasi peycheva\downloads\fn_45139\datastructuresproject\folderio.cpp(82): warning C4267: 'initializing': conversion from 'size_t' to 'unsigned int', possible loss of data
c:\users\vasi peycheva\downloads\fn_45139\datastructuresproject\folderio.cpp(75): warning C4996: 'strcpy': This function or variable may be unsafe. Consider using strcpy_s instead. To disable deprecation, use _CRT_SECURE_NO_WARNINGS. See online help for details.
  c:\program files (x86)\windows kits\10\include\10.0.10240.0\ucrt\string.h(119): note: see declaration of 'strcpy'
c:\users\vasi peycheva\downloads\fn_45139\datastructuresproject\folderio.cpp(76): warning C4996: 'strcat': This function or variable may be unsafe. Consider using strcat_s instead. To disable deprecation, use _CRT_SECURE_NO_WARNINGS. See online help for details.
  c:\program files (x86)\windows kits\10\include\10.0.10240.0\ucrt\string.h(90): note: see declaration of 'strcat'
c:\users\vasi peycheva\downloads\fn_45139\datastructuresproject\folderio.cpp(77): warning C4996: 'strcat': This function or variable may be unsafe. Consider using strcat_s instead. To disable deprecation, use _CRT_SECURE_NO_WARNINGS. See online help for details.
  c:\program files (x86)\windows kits\10\include\10.0.10240.0\ucrt\string.h(90): note: see declaration of 'strcat'
c:\users\vasi peycheva\downloads\fn_45139\datastructuresproject\folderio.cpp(109): warning C4996: 'mkdir': The POSIX name for this item is deprecated. Instead, use the ISO C and C++ conformant name: _mkdir. See online help for details.
  c:\program files (x86)\windows kits\10\include\10.0.10240.0\ucrt\direct.h(108): note: see declaration of 'mkdir'
  CodeSheet.cpp
  Archive.cpp
c:\users\vasi peycheva\downloads\fn_45139\datastructuresproject\archive.cpp(22): warning C4267: 'initializing': conversion from 'size_t' to 'unsigned int', possible loss of data
  Generating Code...
c:\users\vasi peycheva\downloads\fn_45139\datastructuresproject\minheapfunctions.h(20): warning C4172: returning address of local variable or temporary: element
c:\users\vasi peycheva\downloads\fn_45139\datastructuresproject\huffmantreeio.cpp(147): warning C4715: 'HuffmanTreeInput::getTree': not all control paths return a value
  dataStructuresProject.vcxproj -> C:\Users\Vasi Peycheva\Downloads\fn_45139\x64\Debug\dataStructuresProject.exe
  dataStructuresProject.vcxproj -> C:\Users\Vasi Peycheva\Downloads\fn_45139\x64\Debug\dataStructuresProject.pdb (Full PDB)
